<?xml version="1.0" encoding="UTF-8"?>
<!-- Generated by org.testng.reporters.JUnitReportReporter -->
<testsuite hostname="DELL" failures="0" tests="7" name="LuggageChargeTest" time="0.025" errors="0" timestamp="2024-04-24T13:46:10 IST" skipped="0">
  <testcase classname="LuggageChargeTest" name="testChargeForWeight499" time="0.001"/>
  <testcase classname="LuggageChargeTest" name="testChargeForWeight40" time="0.002"/>
  <testcase classname="LuggageChargeTest" name="testChargeForZeroWeight" time="0.001"/>
  <testcase classname="LuggageChargeTest" name="testChargeForWeight41" time="0.003"/>
  <testcase classname="LuggageChargeTest" name="testChargeForWeight39" time="0.015"/>
  <testcase classname="LuggageChargeTest" name="testChargeForWeight501" time="0.001"/>
  <testcase classname="LuggageChargeTest" name="testChargeForWeight500" time="0.002"/>
</testsuite> <!-- LuggageChargeTest -->
