<?xml version="1.0" encoding="UTF-8"?>
<!-- Generated by org.testng.reporters.JUnitReportReporter -->
<testsuite hostname="DELL" failures="0" tests="2" name="FirstTestNGExp" time="0.010" errors="0" timestamp="2024-02-12T10:58:38 IST" skipped="0">
  <testcase classname="FirstTestNGExp" name="FirstTC" time="0.009"/>
  <testcase classname="FirstTestNGExp" name="SecondTC" time="0.001"/>
</testsuite> <!-- FirstTestNGExp -->
