<?xml version="1.0" encoding="UTF-8"?>
<!-- Generated by org.testng.reporters.JUnitReportReporter -->
<testsuite hostname="DELL" failures="0" tests="1" name="SecondTestNGExp" time="0.001" errors="0" timestamp="2024-02-12T10:58:38 IST" skipped="0">
  <testcase classname="SecondTestNGExp" name="FourthTC" time="0.001"/>
</testsuite> <!-- SecondTestNGExp -->
