<?xml version="1.0" encoding="UTF-8"?>
<!-- Generated by org.testng.reporters.JUnitReportReporter -->
<testsuite hostname="DELL" failures="0" tests="15" name="SumTest" time="0.030" errors="0" timestamp="2024-02-26T11:06:55 IST" skipped="0">
  <testcase classname="SumTest" name="testSub" time="0.002"/>
  <testcase classname="SumTest" name="testSub" time="0.001"/>
  <testcase classname="SumTest" name="testSum" time="0.001"/>
  <testcase classname="SumTest" name="testMul" time="0.002"/>
  <testcase classname="SumTest" name="testSum" time="0.001"/>
  <testcase classname="SumTest" name="testSum" time="0.001"/>
  <testcase classname="SumTest" name="testSub" time="0.001"/>
  <testcase classname="SumTest" name="testSum" time="0.001"/>
  <testcase classname="SumTest" name="testMul" time="0.009"/>
  <testcase classname="SumTest" name="testMul" time="0.002"/>
  <testcase classname="SumTest" name="testSub" time="0.002"/>
  <testcase classname="SumTest" name="testSum" time="0.001"/>
  <testcase classname="SumTest" name="testSub" time="0.002"/>
  <testcase classname="SumTest" name="testMul" time="0.002"/>
  <testcase classname="SumTest" name="testMul" time="0.002"/>
</testsuite> <!-- SumTest -->
