<?xml version="1.0" encoding="UTF-8"?>
<!-- Generated by org.testng.reporters.JUnitReportReporter -->
<testsuite hostname="DELL" failures="0" tests="1" name="Demo.FirstClass" time="0.013" errors="0" timestamp="2024-04-24T13:31:10 IST" skipped="0">
  <testcase classname="Demo.FirstClass" name="SecondTC" time="0.013"/>
</testsuite> <!-- Demo.FirstClass -->
