<?xml version="1.0" encoding="UTF-8"?>
<!-- Generated by org.testng.reporters.JUnitReportReporter -->
<testsuite hostname="DELL" failures="0" tests="2" name="Demo.SecondClass" time="0.011" errors="0" timestamp="2024-04-24T13:01:54 IST" skipped="0">
  <testcase classname="Demo.SecondClass" name="FourthTC" time="0.009"/>
  <testcase classname="Demo.SecondClass" name="ThirdTc" time="0.002"/>
</testsuite> <!-- Demo.SecondClass -->
