<?xml version="1.0" encoding="UTF-8"?>
<!-- Generated by org.testng.reporters.JUnitReportReporter -->
<testsuite hostname="DELL" failures="0" tests="3" name="LoginSeleTest.LoginSelenium" time="7.902" errors="0" timestamp="2024-04-24T17:17:04 IST" skipped="0">
  <testcase classname="LoginSeleTest.LoginSelenium" name="testLogin" time="2.671"/>
  <testcase classname="LoginSeleTest.LoginSelenium" name="testLogin" time="2.630"/>
  <testcase classname="LoginSeleTest.LoginSelenium" name="testLogin" time="2.601"/>
</testsuite> <!-- LoginSeleTest.LoginSelenium -->
